::1 - - [25/Jul/2019:14:07:25 +0000] "POST /admin/add-product HTTP/1.1" 422 - "http://localhost:3000/admin/add-product" "Mozilla/5.0 (Windows NT 10.0; Win64; x64) AppleWebKit/537.36 (KHTML, like Gecko) Chrome/75.0.3770.142 Safari/537.36"
::1 - - [25/Jul/2019:14:07:25 +0000] "GET /css/main.css HTTP/1.1" 304 - "http://localhost:3000/admin/add-product" "Mozilla/5.0 (Windows NT 10.0; Win64; x64) AppleWebKit/537.36 (KHTML, like Gecko) Chrome/75.0.3770.142 Safari/537.36"
::1 - - [25/Jul/2019:14:07:25 +0000] "GET /css/forms.css HTTP/1.1" 304 - "http://localhost:3000/admin/add-product" "Mozilla/5.0 (Windows NT 10.0; Win64; x64) AppleWebKit/537.36 (KHTML, like Gecko) Chrome/75.0.3770.142 Safari/537.36"
::1 - - [25/Jul/2019:14:07:25 +0000] "GET /css/product.css HTTP/1.1" 304 - "http://localhost:3000/admin/add-product" "Mozilla/5.0 (Windows NT 10.0; Win64; x64) AppleWebKit/537.36 (KHTML, like Gecko) Chrome/75.0.3770.142 Safari/537.36"
::1 - - [25/Jul/2019:14:07:25 +0000] "GET /js/main.js HTTP/1.1" 304 - "http://localhost:3000/admin/add-product" "Mozilla/5.0 (Windows NT 10.0; Win64; x64) AppleWebKit/537.36 (KHTML, like Gecko) Chrome/75.0.3770.142 Safari/537.36"
::1 - - [25/Jul/2019:14:07:38 +0000] "POST /admin/add-product HTTP/1.1" 302 74 "http://localhost:3000/admin/add-product" "Mozilla/5.0 (Windows NT 10.0; Win64; x64) AppleWebKit/537.36 (KHTML, like Gecko) Chrome/75.0.3770.142 Safari/537.36"
::1 - - [25/Jul/2019:14:07:38 +0000] "GET /admin/products HTTP/1.1" 200 - "http://localhost:3000/admin/add-product" "Mozilla/5.0 (Windows NT 10.0; Win64; x64) AppleWebKit/537.36 (KHTML, like Gecko) Chrome/75.0.3770.142 Safari/537.36"
::1 - - [25/Jul/2019:14:07:38 +0000] "GET /css/main.css HTTP/1.1" 304 - "http://localhost:3000/admin/products" "Mozilla/5.0 (Windows NT 10.0; Win64; x64) AppleWebKit/537.36 (KHTML, like Gecko) Chrome/75.0.3770.142 Safari/537.36"
::1 - - [25/Jul/2019:14:07:38 +0000] "GET /css/product.css HTTP/1.1" 304 - "http://localhost:3000/admin/products" "Mozilla/5.0 (Windows NT 10.0; Win64; x64) AppleWebKit/537.36 (KHTML, like Gecko) Chrome/75.0.3770.142 Safari/537.36"
::1 - - [25/Jul/2019:14:07:38 +0000] "GET /images/2019-07-25T14-04-32.839Z-58fa0cd9cb04815b90c232e8.jpg HTTP/1.1" 304 - "http://localhost:3000/admin/products" "Mozilla/5.0 (Windows NT 10.0; Win64; x64) AppleWebKit/537.36 (KHTML, like Gecko) Chrome/75.0.3770.142 Safari/537.36"
::1 - - [25/Jul/2019:14:07:38 +0000] "GET /js/main.js HTTP/1.1" 304 - "http://localhost:3000/admin/products" "Mozilla/5.0 (Windows NT 10.0; Win64; x64) AppleWebKit/537.36 (KHTML, like Gecko) Chrome/75.0.3770.142 Safari/537.36"
::1 - - [25/Jul/2019:14:07:38 +0000] "GET /js/admin.js HTTP/1.1" 304 - "http://localhost:3000/admin/products" "Mozilla/5.0 (Windows NT 10.0; Win64; x64) AppleWebKit/537.36 (KHTML, like Gecko) Chrome/75.0.3770.142 Safari/537.36"
::1 - - [25/Jul/2019:14:07:38 +0000] "GET /images/2019-07-25T14-07-38.084Z-1449091716185745818.jpg HTTP/1.1" 200 106401 "http://localhost:3000/admin/products" "Mozilla/5.0 (Windows NT 10.0; Win64; x64) AppleWebKit/537.36 (KHTML, like Gecko) Chrome/75.0.3770.142 Safari/537.36"
::1 - - [25/Jul/2019:14:07:51 +0000] "GET /admin/products HTTP/1.1" 200 - "http://localhost:3000/admin/products" "Mozilla/5.0 (Windows NT 10.0; Win64; x64) AppleWebKit/537.36 (KHTML, like Gecko) Chrome/75.0.3770.142 Safari/537.36"
::1 - - [25/Jul/2019:14:07:51 +0000] "GET /css/main.css HTTP/1.1" 304 - "http://localhost:3000/admin/products" "Mozilla/5.0 (Windows NT 10.0; Win64; x64) AppleWebKit/537.36 (KHTML, like Gecko) Chrome/75.0.3770.142 Safari/537.36"
::1 - - [25/Jul/2019:14:07:51 +0000] "GET /css/product.css HTTP/1.1" 304 - "http://localhost:3000/admin/products" "Mozilla/5.0 (Windows NT 10.0; Win64; x64) AppleWebKit/537.36 (KHTML, like Gecko) Chrome/75.0.3770.142 Safari/537.36"
::1 - - [25/Jul/2019:14:07:51 +0000] "GET /images/2019-07-25T14-04-32.839Z-58fa0cd9cb04815b90c232e8.jpg HTTP/1.1" 304 - "http://localhost:3000/admin/products" "Mozilla/5.0 (Windows NT 10.0; Win64; x64) AppleWebKit/537.36 (KHTML, like Gecko) Chrome/75.0.3770.142 Safari/537.36"
::1 - - [25/Jul/2019:14:07:51 +0000] "GET /images/2019-07-25T14-07-38.084Z-1449091716185745818.jpg HTTP/1.1" 304 - "http://localhost:3000/admin/products" "Mozilla/5.0 (Windows NT 10.0; Win64; x64) AppleWebKit/537.36 (KHTML, like Gecko) Chrome/75.0.3770.142 Safari/537.36"
::1 - - [25/Jul/2019:14:07:51 +0000] "GET /js/main.js HTTP/1.1" 304 - "http://localhost:3000/admin/products" "Mozilla/5.0 (Windows NT 10.0; Win64; x64) AppleWebKit/537.36 (KHTML, like Gecko) Chrome/75.0.3770.142 Safari/537.36"
::1 - - [25/Jul/2019:14:07:51 +0000] "GET /js/admin.js HTTP/1.1" 304 - "http://localhost:3000/admin/products" "Mozilla/5.0 (Windows NT 10.0; Win64; x64) AppleWebKit/537.36 (KHTML, like Gecko) Chrome/75.0.3770.142 Safari/537.36"
::1 - - [25/Jul/2019:14:07:53 +0000] "GET /admin/add-product HTTP/1.1" 200 - "http://localhost:3000/admin/products" "Mozilla/5.0 (Windows NT 10.0; Win64; x64) AppleWebKit/537.36 (KHTML, like Gecko) Chrome/75.0.3770.142 Safari/537.36"
::1 - - [25/Jul/2019:14:07:53 +0000] "GET /css/main.css HTTP/1.1" 304 - "http://localhost:3000/admin/add-product" "Mozilla/5.0 (Windows NT 10.0; Win64; x64) AppleWebKit/537.36 (KHTML, like Gecko) Chrome/75.0.3770.142 Safari/537.36"
::1 - - [25/Jul/2019:14:07:53 +0000] "GET /css/forms.css HTTP/1.1" 304 - "http://localhost:3000/admin/add-product" "Mozilla/5.0 (Windows NT 10.0; Win64; x64) AppleWebKit/537.36 (KHTML, like Gecko) Chrome/75.0.3770.142 Safari/537.36"
::1 - - [25/Jul/2019:14:07:53 +0000] "GET /css/product.css HTTP/1.1" 304 - "http://localhost:3000/admin/add-product" "Mozilla/5.0 (Windows NT 10.0; Win64; x64) AppleWebKit/537.36 (KHTML, like Gecko) Chrome/75.0.3770.142 Safari/537.36"
::1 - - [25/Jul/2019:14:07:53 +0000] "GET /js/main.js HTTP/1.1" 304 - "http://localhost:3000/admin/add-product" "Mozilla/5.0 (Windows NT 10.0; Win64; x64) AppleWebKit/537.36 (KHTML, like Gecko) Chrome/75.0.3770.142 Safari/537.36"
::1 - - [25/Jul/2019:14:07:55 +0000] "GET /admin/products HTTP/1.1" 200 - "http://localhost:3000/admin/add-product" "Mozilla/5.0 (Windows NT 10.0; Win64; x64) AppleWebKit/537.36 (KHTML, like Gecko) Chrome/75.0.3770.142 Safari/537.36"
::1 - - [25/Jul/2019:14:07:55 +0000] "GET /css/main.css HTTP/1.1" 304 - "http://localhost:3000/admin/products" "Mozilla/5.0 (Windows NT 10.0; Win64; x64) AppleWebKit/537.36 (KHTML, like Gecko) Chrome/75.0.3770.142 Safari/537.36"
::1 - - [25/Jul/2019:14:07:55 +0000] "GET /css/product.css HTTP/1.1" 304 - "http://localhost:3000/admin/products" "Mozilla/5.0 (Windows NT 10.0; Win64; x64) AppleWebKit/537.36 (KHTML, like Gecko) Chrome/75.0.3770.142 Safari/537.36"
::1 - - [25/Jul/2019:14:07:55 +0000] "GET /images/2019-07-25T14-04-32.839Z-58fa0cd9cb04815b90c232e8.jpg HTTP/1.1" 304 - "http://localhost:3000/admin/products" "Mozilla/5.0 (Windows NT 10.0; Win64; x64) AppleWebKit/537.36 (KHTML, like Gecko) Chrome/75.0.3770.142 Safari/537.36"
::1 - - [25/Jul/2019:14:07:55 +0000] "GET /images/2019-07-25T14-07-38.084Z-1449091716185745818.jpg HTTP/1.1" 304 - "http://localhost:3000/admin/products" "Mozilla/5.0 (Windows NT 10.0; Win64; x64) AppleWebKit/537.36 (KHTML, like Gecko) Chrome/75.0.3770.142 Safari/537.36"
::1 - - [25/Jul/2019:14:07:55 +0000] "GET /js/main.js HTTP/1.1" 304 - "http://localhost:3000/admin/products" "Mozilla/5.0 (Windows NT 10.0; Win64; x64) AppleWebKit/537.36 (KHTML, like Gecko) Chrome/75.0.3770.142 Safari/537.36"
::1 - - [25/Jul/2019:14:07:55 +0000] "GET /js/admin.js HTTP/1.1" 304 - "http://localhost:3000/admin/products" "Mozilla/5.0 (Windows NT 10.0; Win64; x64) AppleWebKit/537.36 (KHTML, like Gecko) Chrome/75.0.3770.142 Safari/537.36"
::1 - - [25/Jul/2019:14:07:57 +0000] "GET /admin/edit-product/5d39b7aa843d032bb4a6c87f?edit=true HTTP/1.1" 200 - "http://localhost:3000/admin/products" "Mozilla/5.0 (Windows NT 10.0; Win64; x64) AppleWebKit/537.36 (KHTML, like Gecko) Chrome/75.0.3770.142 Safari/537.36"
::1 - - [25/Jul/2019:14:07:57 +0000] "GET /css/main.css HTTP/1.1" 304 - "http://localhost:3000/admin/edit-product/5d39b7aa843d032bb4a6c87f?edit=true" "Mozilla/5.0 (Windows NT 10.0; Win64; x64) AppleWebKit/537.36 (KHTML, like Gecko) Chrome/75.0.3770.142 Safari/537.36"
::1 - - [25/Jul/2019:14:07:57 +0000] "GET /css/forms.css HTTP/1.1" 304 - "http://localhost:3000/admin/edit-product/5d39b7aa843d032bb4a6c87f?edit=true" "Mozilla/5.0 (Windows NT 10.0; Win64; x64) AppleWebKit/537.36 (KHTML, like Gecko) Chrome/75.0.3770.142 Safari/537.36"
::1 - - [25/Jul/2019:14:07:57 +0000] "GET /css/product.css HTTP/1.1" 304 - "http://localhost:3000/admin/edit-product/5d39b7aa843d032bb4a6c87f?edit=true" "Mozilla/5.0 (Windows NT 10.0; Win64; x64) AppleWebKit/537.36 (KHTML, like Gecko) Chrome/75.0.3770.142 Safari/537.36"
::1 - - [25/Jul/2019:14:07:57 +0000] "GET /js/main.js HTTP/1.1" 304 - "http://localhost:3000/admin/edit-product/5d39b7aa843d032bb4a6c87f?edit=true" "Mozilla/5.0 (Windows NT 10.0; Win64; x64) AppleWebKit/537.36 (KHTML, like Gecko) Chrome/75.0.3770.142 Safari/537.36"
::1 - - [25/Jul/2019:14:07:59 +0000] "GET /admin/products HTTP/1.1" 200 - "http://localhost:3000/admin/edit-product/5d39b7aa843d032bb4a6c87f?edit=true" "Mozilla/5.0 (Windows NT 10.0; Win64; x64) AppleWebKit/537.36 (KHTML, like Gecko) Chrome/75.0.3770.142 Safari/537.36"
::1 - - [25/Jul/2019:14:07:59 +0000] "GET /css/main.css HTTP/1.1" 304 - "http://localhost:3000/admin/products" "Mozilla/5.0 (Windows NT 10.0; Win64; x64) AppleWebKit/537.36 (KHTML, like Gecko) Chrome/75.0.3770.142 Safari/537.36"
::1 - - [25/Jul/2019:14:07:59 +0000] "GET /css/product.css HTTP/1.1" 304 - "http://localhost:3000/admin/products" "Mozilla/5.0 (Windows NT 10.0; Win64; x64) AppleWebKit/537.36 (KHTML, like Gecko) Chrome/75.0.3770.142 Safari/537.36"
::1 - - [25/Jul/2019:14:07:59 +0000] "GET /images/2019-07-25T14-04-32.839Z-58fa0cd9cb04815b90c232e8.jpg HTTP/1.1" 304 - "http://localhost:3000/admin/products" "Mozilla/5.0 (Windows NT 10.0; Win64; x64) AppleWebKit/537.36 (KHTML, like Gecko) Chrome/75.0.3770.142 Safari/537.36"
::1 - - [25/Jul/2019:14:07:59 +0000] "GET /images/2019-07-25T14-07-38.084Z-1449091716185745818.jpg HTTP/1.1" 304 - "http://localhost:3000/admin/products" "Mozilla/5.0 (Windows NT 10.0; Win64; x64) AppleWebKit/537.36 (KHTML, like Gecko) Chrome/75.0.3770.142 Safari/537.36"
::1 - - [25/Jul/2019:14:07:59 +0000] "GET /js/main.js HTTP/1.1" 304 - "http://localhost:3000/admin/products" "Mozilla/5.0 (Windows NT 10.0; Win64; x64) AppleWebKit/537.36 (KHTML, like Gecko) Chrome/75.0.3770.142 Safari/537.36"
::1 - - [25/Jul/2019:14:07:59 +0000] "GET /js/admin.js HTTP/1.1" 304 - "http://localhost:3000/admin/products" "Mozilla/5.0 (Windows NT 10.0; Win64; x64) AppleWebKit/537.36 (KHTML, like Gecko) Chrome/75.0.3770.142 Safari/537.36"
::1 - - [25/Jul/2019:14:08:00 +0000] "GET /admin/add-product HTTP/1.1" 200 - "http://localhost:3000/admin/products" "Mozilla/5.0 (Windows NT 10.0; Win64; x64) AppleWebKit/537.36 (KHTML, like Gecko) Chrome/75.0.3770.142 Safari/537.36"
::1 - - [25/Jul/2019:14:08:00 +0000] "GET /css/main.css HTTP/1.1" 304 - "http://localhost:3000/admin/add-product" "Mozilla/5.0 (Windows NT 10.0; Win64; x64) AppleWebKit/537.36 (KHTML, like Gecko) Chrome/75.0.3770.142 Safari/537.36"
::1 - - [25/Jul/2019:14:08:00 +0000] "GET /css/forms.css HTTP/1.1" 304 - "http://localhost:3000/admin/add-product" "Mozilla/5.0 (Windows NT 10.0; Win64; x64) AppleWebKit/537.36 (KHTML, like Gecko) Chrome/75.0.3770.142 Safari/537.36"
::1 - - [25/Jul/2019:14:08:00 +0000] "GET /css/product.css HTTP/1.1" 304 - "http://localhost:3000/admin/add-product" "Mozilla/5.0 (Windows NT 10.0; Win64; x64) AppleWebKit/537.36 (KHTML, like Gecko) Chrome/75.0.3770.142 Safari/537.36"
::1 - - [25/Jul/2019:14:08:00 +0000] "GET /js/main.js HTTP/1.1" 304 - "http://localhost:3000/admin/add-product" "Mozilla/5.0 (Windows NT 10.0; Win64; x64) AppleWebKit/537.36 (KHTML, like Gecko) Chrome/75.0.3770.142 Safari/537.36"
::1 - - [25/Jul/2019:14:08:00 +0000] "GET /admin/products HTTP/1.1" 200 - "http://localhost:3000/admin/add-product" "Mozilla/5.0 (Windows NT 10.0; Win64; x64) AppleWebKit/537.36 (KHTML, like Gecko) Chrome/75.0.3770.142 Safari/537.36"
::1 - - [25/Jul/2019:14:08:00 +0000] "GET /css/main.css HTTP/1.1" 304 - "http://localhost:3000/admin/products" "Mozilla/5.0 (Windows NT 10.0; Win64; x64) AppleWebKit/537.36 (KHTML, like Gecko) Chrome/75.0.3770.142 Safari/537.36"
::1 - - [25/Jul/2019:14:08:00 +0000] "GET /css/product.css HTTP/1.1" 304 - "http://localhost:3000/admin/products" "Mozilla/5.0 (Windows NT 10.0; Win64; x64) AppleWebKit/537.36 (KHTML, like Gecko) Chrome/75.0.3770.142 Safari/537.36"
::1 - - [25/Jul/2019:14:08:00 +0000] "GET /images/2019-07-25T14-04-32.839Z-58fa0cd9cb04815b90c232e8.jpg HTTP/1.1" 304 - "http://localhost:3000/admin/products" "Mozilla/5.0 (Windows NT 10.0; Win64; x64) AppleWebKit/537.36 (KHTML, like Gecko) Chrome/75.0.3770.142 Safari/537.36"
::1 - - [25/Jul/2019:14:08:00 +0000] "GET /images/2019-07-25T14-07-38.084Z-1449091716185745818.jpg HTTP/1.1" 304 - "http://localhost:3000/admin/products" "Mozilla/5.0 (Windows NT 10.0; Win64; x64) AppleWebKit/537.36 (KHTML, like Gecko) Chrome/75.0.3770.142 Safari/537.36"
::1 - - [25/Jul/2019:14:08:00 +0000] "GET /js/main.js HTTP/1.1" 304 - "http://localhost:3000/admin/products" "Mozilla/5.0 (Windows NT 10.0; Win64; x64) AppleWebKit/537.36 (KHTML, like Gecko) Chrome/75.0.3770.142 Safari/537.36"
::1 - - [25/Jul/2019:14:08:00 +0000] "GET /js/admin.js HTTP/1.1" 304 - "http://localhost:3000/admin/products" "Mozilla/5.0 (Windows NT 10.0; Win64; x64) AppleWebKit/537.36 (KHTML, like Gecko) Chrome/75.0.3770.142 Safari/537.36"
::1 - - [25/Jul/2019:14:08:01 +0000] "GET /admin/add-product HTTP/1.1" 200 - "http://localhost:3000/admin/products" "Mozilla/5.0 (Windows NT 10.0; Win64; x64) AppleWebKit/537.36 (KHTML, like Gecko) Chrome/75.0.3770.142 Safari/537.36"
::1 - - [25/Jul/2019:14:08:01 +0000] "GET /css/main.css HTTP/1.1" 304 - "http://localhost:3000/admin/add-product" "Mozilla/5.0 (Windows NT 10.0; Win64; x64) AppleWebKit/537.36 (KHTML, like Gecko) Chrome/75.0.3770.142 Safari/537.36"
::1 - - [25/Jul/2019:14:08:01 +0000] "GET /css/forms.css HTTP/1.1" 304 - "http://localhost:3000/admin/add-product" "Mozilla/5.0 (Windows NT 10.0; Win64; x64) AppleWebKit/537.36 (KHTML, like Gecko) Chrome/75.0.3770.142 Safari/537.36"
::1 - - [25/Jul/2019:14:08:01 +0000] "GET /css/product.css HTTP/1.1" 304 - "http://localhost:3000/admin/add-product" "Mozilla/5.0 (Windows NT 10.0; Win64; x64) AppleWebKit/537.36 (KHTML, like Gecko) Chrome/75.0.3770.142 Safari/537.36"
::1 - - [25/Jul/2019:14:08:01 +0000] "GET /js/main.js HTTP/1.1" 304 - "http://localhost:3000/admin/add-product" "Mozilla/5.0 (Windows NT 10.0; Win64; x64) AppleWebKit/537.36 (KHTML, like Gecko) Chrome/75.0.3770.142 Safari/537.36"
::1 - - [25/Jul/2019:14:08:03 +0000] "GET /orders HTTP/1.1" 200 - "http://localhost:3000/admin/add-product" "Mozilla/5.0 (Windows NT 10.0; Win64; x64) AppleWebKit/537.36 (KHTML, like Gecko) Chrome/75.0.3770.142 Safari/537.36"
::1 - - [25/Jul/2019:14:08:03 +0000] "GET /css/main.css HTTP/1.1" 304 - "http://localhost:3000/orders" "Mozilla/5.0 (Windows NT 10.0; Win64; x64) AppleWebKit/537.36 (KHTML, like Gecko) Chrome/75.0.3770.142 Safari/537.36"
::1 - - [25/Jul/2019:14:08:03 +0000] "GET /css/orders.css HTTP/1.1" 304 - "http://localhost:3000/orders" "Mozilla/5.0 (Windows NT 10.0; Win64; x64) AppleWebKit/537.36 (KHTML, like Gecko) Chrome/75.0.3770.142 Safari/537.36"
::1 - - [25/Jul/2019:14:08:03 +0000] "GET /js/main.js HTTP/1.1" 304 - "http://localhost:3000/orders" "Mozilla/5.0 (Windows NT 10.0; Win64; x64) AppleWebKit/537.36 (KHTML, like Gecko) Chrome/75.0.3770.142 Safari/537.36"
::1 - - [25/Jul/2019:14:08:04 +0000] "GET /cart HTTP/1.1" 200 - "http://localhost:3000/orders" "Mozilla/5.0 (Windows NT 10.0; Win64; x64) AppleWebKit/537.36 (KHTML, like Gecko) Chrome/75.0.3770.142 Safari/537.36"
::1 - - [25/Jul/2019:14:08:04 +0000] "GET /css/main.css HTTP/1.1" 304 - "http://localhost:3000/cart" "Mozilla/5.0 (Windows NT 10.0; Win64; x64) AppleWebKit/537.36 (KHTML, like Gecko) Chrome/75.0.3770.142 Safari/537.36"
::1 - - [25/Jul/2019:14:08:04 +0000] "GET /css/cart.css HTTP/1.1" 304 - "http://localhost:3000/cart" "Mozilla/5.0 (Windows NT 10.0; Win64; x64) AppleWebKit/537.36 (KHTML, like Gecko) Chrome/75.0.3770.142 Safari/537.36"
::1 - - [25/Jul/2019:14:08:04 +0000] "GET /js/main.js HTTP/1.1" 304 - "http://localhost:3000/cart" "Mozilla/5.0 (Windows NT 10.0; Win64; x64) AppleWebKit/537.36 (KHTML, like Gecko) Chrome/75.0.3770.142 Safari/537.36"
::1 - - [25/Jul/2019:14:08:05 +0000] "GET /products HTTP/1.1" 200 - "http://localhost:3000/cart" "Mozilla/5.0 (Windows NT 10.0; Win64; x64) AppleWebKit/537.36 (KHTML, like Gecko) Chrome/75.0.3770.142 Safari/537.36"
::1 - - [25/Jul/2019:14:08:05 +0000] "GET /css/main.css HTTP/1.1" 304 - "http://localhost:3000/products" "Mozilla/5.0 (Windows NT 10.0; Win64; x64) AppleWebKit/537.36 (KHTML, like Gecko) Chrome/75.0.3770.142 Safari/537.36"
::1 - - [25/Jul/2019:14:08:05 +0000] "GET /css/product.css HTTP/1.1" 304 - "http://localhost:3000/products" "Mozilla/5.0 (Windows NT 10.0; Win64; x64) AppleWebKit/537.36 (KHTML, like Gecko) Chrome/75.0.3770.142 Safari/537.36"
::1 - - [25/Jul/2019:14:08:05 +0000] "GET /images/2019-07-25T14-04-32.839Z-58fa0cd9cb04815b90c232e8.jpg HTTP/1.1" 304 - "http://localhost:3000/products" "Mozilla/5.0 (Windows NT 10.0; Win64; x64) AppleWebKit/537.36 (KHTML, like Gecko) Chrome/75.0.3770.142 Safari/537.36"
::1 - - [25/Jul/2019:14:08:05 +0000] "GET /images/2019-07-25T14-07-38.084Z-1449091716185745818.jpg HTTP/1.1" 304 - "http://localhost:3000/products" "Mozilla/5.0 (Windows NT 10.0; Win64; x64) AppleWebKit/537.36 (KHTML, like Gecko) Chrome/75.0.3770.142 Safari/537.36"
::1 - - [25/Jul/2019:14:08:05 +0000] "GET /js/main.js HTTP/1.1" 304 - "http://localhost:3000/products" "Mozilla/5.0 (Windows NT 10.0; Win64; x64) AppleWebKit/537.36 (KHTML, like Gecko) Chrome/75.0.3770.142 Safari/537.36"
::1 - - [25/Jul/2019:14:08:06 +0000] "GET /cart HTTP/1.1" 200 - "http://localhost:3000/products" "Mozilla/5.0 (Windows NT 10.0; Win64; x64) AppleWebKit/537.36 (KHTML, like Gecko) Chrome/75.0.3770.142 Safari/537.36"
::1 - - [25/Jul/2019:14:08:06 +0000] "GET /css/main.css HTTP/1.1" 304 - "http://localhost:3000/cart" "Mozilla/5.0 (Windows NT 10.0; Win64; x64) AppleWebKit/537.36 (KHTML, like Gecko) Chrome/75.0.3770.142 Safari/537.36"
::1 - - [25/Jul/2019:14:08:06 +0000] "GET /css/cart.css HTTP/1.1" 304 - "http://localhost:3000/cart" "Mozilla/5.0 (Windows NT 10.0; Win64; x64) AppleWebKit/537.36 (KHTML, like Gecko) Chrome/75.0.3770.142 Safari/537.36"
::1 - - [25/Jul/2019:14:08:06 +0000] "GET /js/main.js HTTP/1.1" 304 - "http://localhost:3000/cart" "Mozilla/5.0 (Windows NT 10.0; Win64; x64) AppleWebKit/537.36 (KHTML, like Gecko) Chrome/75.0.3770.142 Safari/537.36"
::1 - - [25/Jul/2019:14:08:06 +0000] "GET /orders HTTP/1.1" 200 - "http://localhost:3000/cart" "Mozilla/5.0 (Windows NT 10.0; Win64; x64) AppleWebKit/537.36 (KHTML, like Gecko) Chrome/75.0.3770.142 Safari/537.36"
::1 - - [25/Jul/2019:14:08:06 +0000] "GET /css/main.css HTTP/1.1" 304 - "http://localhost:3000/orders" "Mozilla/5.0 (Windows NT 10.0; Win64; x64) AppleWebKit/537.36 (KHTML, like Gecko) Chrome/75.0.3770.142 Safari/537.36"
::1 - - [25/Jul/2019:14:08:06 +0000] "GET /css/orders.css HTTP/1.1" 304 - "http://localhost:3000/orders" "Mozilla/5.0 (Windows NT 10.0; Win64; x64) AppleWebKit/537.36 (KHTML, like Gecko) Chrome/75.0.3770.142 Safari/537.36"
::1 - - [25/Jul/2019:14:08:06 +0000] "GET /js/main.js HTTP/1.1" 304 - "http://localhost:3000/orders" "Mozilla/5.0 (Windows NT 10.0; Win64; x64) AppleWebKit/537.36 (KHTML, like Gecko) Chrome/75.0.3770.142 Safari/537.36"
::1 - - [25/Jul/2019:14:08:08 +0000] "GET /admin/add-product HTTP/1.1" 200 - "http://localhost:3000/orders" "Mozilla/5.0 (Windows NT 10.0; Win64; x64) AppleWebKit/537.36 (KHTML, like Gecko) Chrome/75.0.3770.142 Safari/537.36"
::1 - - [25/Jul/2019:14:08:08 +0000] "GET /css/main.css HTTP/1.1" 304 - "http://localhost:3000/admin/add-product" "Mozilla/5.0 (Windows NT 10.0; Win64; x64) AppleWebKit/537.36 (KHTML, like Gecko) Chrome/75.0.3770.142 Safari/537.36"
::1 - - [25/Jul/2019:14:08:08 +0000] "GET /css/forms.css HTTP/1.1" 304 - "http://localhost:3000/admin/add-product" "Mozilla/5.0 (Windows NT 10.0; Win64; x64) AppleWebKit/537.36 (KHTML, like Gecko) Chrome/75.0.3770.142 Safari/537.36"
::1 - - [25/Jul/2019:14:08:08 +0000] "GET /css/product.css HTTP/1.1" 304 - "http://localhost:3000/admin/add-product" "Mozilla/5.0 (Windows NT 10.0; Win64; x64) AppleWebKit/537.36 (KHTML, like Gecko) Chrome/75.0.3770.142 Safari/537.36"
::1 - - [25/Jul/2019:14:08:08 +0000] "GET /js/main.js HTTP/1.1" 304 - "http://localhost:3000/admin/add-product" "Mozilla/5.0 (Windows NT 10.0; Win64; x64) AppleWebKit/537.36 (KHTML, like Gecko) Chrome/75.0.3770.142 Safari/537.36"
::1 - - [25/Jul/2019:14:08:08 +0000] "GET /admin/products HTTP/1.1" 200 - "http://localhost:3000/admin/add-product" "Mozilla/5.0 (Windows NT 10.0; Win64; x64) AppleWebKit/537.36 (KHTML, like Gecko) Chrome/75.0.3770.142 Safari/537.36"
::1 - - [25/Jul/2019:14:08:08 +0000] "GET /css/main.css HTTP/1.1" 304 - "http://localhost:3000/admin/products" "Mozilla/5.0 (Windows NT 10.0; Win64; x64) AppleWebKit/537.36 (KHTML, like Gecko) Chrome/75.0.3770.142 Safari/537.36"
::1 - - [25/Jul/2019:14:08:08 +0000] "GET /css/product.css HTTP/1.1" 304 - "http://localhost:3000/admin/products" "Mozilla/5.0 (Windows NT 10.0; Win64; x64) AppleWebKit/537.36 (KHTML, like Gecko) Chrome/75.0.3770.142 Safari/537.36"
::1 - - [25/Jul/2019:14:08:08 +0000] "GET /images/2019-07-25T14-04-32.839Z-58fa0cd9cb04815b90c232e8.jpg HTTP/1.1" 304 - "http://localhost:3000/admin/products" "Mozilla/5.0 (Windows NT 10.0; Win64; x64) AppleWebKit/537.36 (KHTML, like Gecko) Chrome/75.0.3770.142 Safari/537.36"
::1 - - [25/Jul/2019:14:08:08 +0000] "GET /images/2019-07-25T14-07-38.084Z-1449091716185745818.jpg HTTP/1.1" 304 - "http://localhost:3000/admin/products" "Mozilla/5.0 (Windows NT 10.0; Win64; x64) AppleWebKit/537.36 (KHTML, like Gecko) Chrome/75.0.3770.142 Safari/537.36"
::1 - - [25/Jul/2019:14:08:08 +0000] "GET /js/main.js HTTP/1.1" 304 - "http://localhost:3000/admin/products" "Mozilla/5.0 (Windows NT 10.0; Win64; x64) AppleWebKit/537.36 (KHTML, like Gecko) Chrome/75.0.3770.142 Safari/537.36"
::1 - - [25/Jul/2019:14:08:08 +0000] "GET /js/admin.js HTTP/1.1" 304 - "http://localhost:3000/admin/products" "Mozilla/5.0 (Windows NT 10.0; Win64; x64) AppleWebKit/537.36 (KHTML, like Gecko) Chrome/75.0.3770.142 Safari/537.36"
::1 - - [25/Jul/2019:14:13:04 +0000] "GET /admin/products HTTP/1.1" 200 - "http://localhost:3000/admin/products" "Mozilla/5.0 (Windows NT 10.0; Win64; x64) AppleWebKit/537.36 (KHTML, like Gecko) Chrome/75.0.3770.142 Safari/537.36"
::1 - - [25/Jul/2019:14:13:04 +0000] "GET /css/main.css HTTP/1.1" 304 - "http://localhost:3000/admin/products" "Mozilla/5.0 (Windows NT 10.0; Win64; x64) AppleWebKit/537.36 (KHTML, like Gecko) Chrome/75.0.3770.142 Safari/537.36"
::1 - - [25/Jul/2019:14:13:04 +0000] "GET /css/product.css HTTP/1.1" 304 - "http://localhost:3000/admin/products" "Mozilla/5.0 (Windows NT 10.0; Win64; x64) AppleWebKit/537.36 (KHTML, like Gecko) Chrome/75.0.3770.142 Safari/537.36"
::1 - - [25/Jul/2019:14:13:04 +0000] "GET /images/2019-07-25T14-04-32.839Z-58fa0cd9cb04815b90c232e8.jpg HTTP/1.1" 304 - "http://localhost:3000/admin/products" "Mozilla/5.0 (Windows NT 10.0; Win64; x64) AppleWebKit/537.36 (KHTML, like Gecko) Chrome/75.0.3770.142 Safari/537.36"
::1 - - [25/Jul/2019:14:13:04 +0000] "GET /images/2019-07-25T14-07-38.084Z-1449091716185745818.jpg HTTP/1.1" 304 - "http://localhost:3000/admin/products" "Mozilla/5.0 (Windows NT 10.0; Win64; x64) AppleWebKit/537.36 (KHTML, like Gecko) Chrome/75.0.3770.142 Safari/537.36"
::1 - - [25/Jul/2019:14:13:04 +0000] "GET /js/main.js HTTP/1.1" 304 - "http://localhost:3000/admin/products" "Mozilla/5.0 (Windows NT 10.0; Win64; x64) AppleWebKit/537.36 (KHTML, like Gecko) Chrome/75.0.3770.142 Safari/537.36"
::1 - - [25/Jul/2019:14:13:04 +0000] "GET /js/admin.js HTTP/1.1" 304 - "http://localhost:3000/admin/products" "Mozilla/5.0 (Windows NT 10.0; Win64; x64) AppleWebKit/537.36 (KHTML, like Gecko) Chrome/75.0.3770.142 Safari/537.36"
::1 - - [25/Jul/2019:14:13:22 +0000] "GET / HTTP/1.1" 200 - "http://localhost:3000/admin/products" "Mozilla/5.0 (Windows NT 10.0; Win64; x64) AppleWebKit/537.36 (KHTML, like Gecko) Chrome/75.0.3770.142 Safari/537.36"
::1 - - [25/Jul/2019:14:13:22 +0000] "GET /css/main.css HTTP/1.1" 304 - "http://localhost:3000/" "Mozilla/5.0 (Windows NT 10.0; Win64; x64) AppleWebKit/537.36 (KHTML, like Gecko) Chrome/75.0.3770.142 Safari/537.36"
::1 - - [25/Jul/2019:14:13:22 +0000] "GET /css/product.css HTTP/1.1" 304 - "http://localhost:3000/" "Mozilla/5.0 (Windows NT 10.0; Win64; x64) AppleWebKit/537.36 (KHTML, like Gecko) Chrome/75.0.3770.142 Safari/537.36"
::1 - - [25/Jul/2019:14:13:22 +0000] "GET /images/2019-07-25T14-04-32.839Z-58fa0cd9cb04815b90c232e8.jpg HTTP/1.1" 304 - "http://localhost:3000/" "Mozilla/5.0 (Windows NT 10.0; Win64; x64) AppleWebKit/537.36 (KHTML, like Gecko) Chrome/75.0.3770.142 Safari/537.36"
::1 - - [25/Jul/2019:14:13:22 +0000] "GET /images/2019-07-25T14-07-38.084Z-1449091716185745818.jpg HTTP/1.1" 304 - "http://localhost:3000/" "Mozilla/5.0 (Windows NT 10.0; Win64; x64) AppleWebKit/537.36 (KHTML, like Gecko) Chrome/75.0.3770.142 Safari/537.36"
::1 - - [25/Jul/2019:14:13:22 +0000] "GET /js/main.js HTTP/1.1" 304 - "http://localhost:3000/" "Mozilla/5.0 (Windows NT 10.0; Win64; x64) AppleWebKit/537.36 (KHTML, like Gecko) Chrome/75.0.3770.142 Safari/537.36"
::1 - - [25/Jul/2019:14:13:24 +0000] "GET /products/5d39b6ac218cfe322c1708e7 HTTP/1.1" 200 - "http://localhost:3000/" "Mozilla/5.0 (Windows NT 10.0; Win64; x64) AppleWebKit/537.36 (KHTML, like Gecko) Chrome/75.0.3770.142 Safari/537.36"
::1 - - [25/Jul/2019:14:13:24 +0000] "GET /css/main.css HTTP/1.1" 304 - "http://localhost:3000/products/5d39b6ac218cfe322c1708e7" "Mozilla/5.0 (Windows NT 10.0; Win64; x64) AppleWebKit/537.36 (KHTML, like Gecko) Chrome/75.0.3770.142 Safari/537.36"
::1 - - [25/Jul/2019:14:13:24 +0000] "GET /js/main.js HTTP/1.1" 304 - "http://localhost:3000/products/5d39b6ac218cfe322c1708e7" "Mozilla/5.0 (Windows NT 10.0; Win64; x64) AppleWebKit/537.36 (KHTML, like Gecko) Chrome/75.0.3770.142 Safari/537.36"
::1 - - [25/Jul/2019:14:13:24 +0000] "GET /images/2019-07-25T14-04-32.839Z-58fa0cd9cb04815b90c232e8.jpg HTTP/1.1" 304 - "http://localhost:3000/products/5d39b6ac218cfe322c1708e7" "Mozilla/5.0 (Windows NT 10.0; Win64; x64) AppleWebKit/537.36 (KHTML, like Gecko) Chrome/75.0.3770.142 Safari/537.36"
